2023-10-13 21:55:34.579 | INFO     | nps:__init__:34 - NPS INIT
2023-10-13 21:55:34.579 | INFO     | nps:start:37 - Start...
2023-10-13 21:55:34.579 | INFO     | nps:start:40 - Take cluster nodes...
2023-10-13 21:55:34.580 | INFO     | nps:start:49 - Init graph...
2023-10-13 21:55:34.580 | INFO     | nps:start:59 - Create networkx.Graph...
2023-10-13 21:55:34.580 | INFO     | nps:start:62 - Define leaves nodes...
2023-10-13 21:55:34.580 | INFO     | nps:start:68 - Split network graph to clusters...
2023-10-13 21:55:34.580 | INFO     | nps:start:73 - Write info about graph groups...
2023-10-13 21:55:34.581 | INFO     | nps:start:80 - Generate start up scripts for Mininet nodes...
2023-10-13 21:55:34.581 | INFO     | nps:start:85 - Write info about hosts...
2023-10-13 21:55:34.581 | INFO     | nps:start:88 - Open SSH to all nodes in cluster...
2023-10-13 22:21:25.625 | INFO     | nps:__init__:35 - NPS INIT
2023-10-13 22:21:25.626 | INFO     | nps:start:38 - Start...
2023-10-13 22:21:25.626 | INFO     | nps:start:41 - Take cluster nodes...
2023-10-13 22:21:25.626 | INFO     | nps:start:50 - Init graph...
2023-10-13 22:21:25.626 | INFO     | nps:start:60 - Create networkx.Graph...
2023-10-13 22:21:25.626 | INFO     | nps:start:63 - Define leaves nodes...
2023-10-13 22:21:25.626 | INFO     | nps:start:69 - Split network graph to clusters...
2023-10-13 22:21:25.627 | INFO     | nps:start:74 - Write info about graph groups...
2023-10-13 22:21:25.627 | INFO     | nps:start:81 - Generate start up scripts for Mininet nodes...
2023-10-13 22:21:25.627 | INFO     | nps:start:86 - Write info about hosts...
2023-10-13 22:21:25.627 | INFO     | nps:start:89 - Open SSH to all nodes in cluster...
2023-10-13 22:21:41.951 | INFO     | nps:__init__:35 - NPS INIT
2023-10-13 22:21:41.951 | INFO     | nps:start:38 - Start...
2023-10-13 22:21:41.951 | INFO     | nps:start:41 - Take cluster nodes...
2023-10-13 22:21:41.951 | INFO     | nps:start:50 - Init graph...
2023-10-13 22:21:41.952 | INFO     | nps:start:60 - Create networkx.Graph...
2023-10-13 22:21:41.952 | INFO     | nps:start:63 - Define leaves nodes...
2023-10-13 22:21:41.952 | INFO     | nps:start:69 - Split network graph to clusters...
2023-10-13 22:21:41.952 | INFO     | nps:start:74 - Write info about graph groups...
2023-10-13 22:21:41.952 | INFO     | nps:start:81 - Generate start up scripts for Mininet nodes...
2023-10-13 22:21:41.952 | INFO     | nps:start:86 - Write info about hosts...
2023-10-13 22:21:41.953 | INFO     | nps:start:89 - Open SSH to all nodes in cluster...
2023-10-13 22:21:41.953 | INFO     | nps:start:92 - Send scripts to nodes...
2023-10-13 22:39:57.563 | INFO     | nps:__init__:35 - NPS INIT
2023-10-13 22:39:57.564 | INFO     | nps:start:38 - Start...
2023-10-13 22:39:57.564 | INFO     | nps:start:41 - Take cluster nodes...
2023-10-13 22:39:57.564 | INFO     | nps:start:50 - Init graph...
2023-10-13 22:39:57.564 | INFO     | nps:start:60 - Create networkx.Graph...
2023-10-13 22:39:57.564 | INFO     | nps:start:63 - Define leaves nodes...
2023-10-13 22:39:57.564 | INFO     | nps:start:69 - Split network graph to clusters...
2023-10-13 22:39:57.565 | INFO     | nps:start:74 - Write info about graph groups...
2023-10-13 22:39:57.565 | INFO     | nps:start:81 - Generate start up scripts for Mininet nodes...
2023-10-13 22:39:57.565 | INFO     | nps:start:86 - Write info about hosts...
2023-10-13 22:39:57.565 | INFO     | nps:start:89 - Open SSH to all nodes in cluster...
2023-10-13 22:39:57.565 | INFO     | nps:start:92 - Send scripts to nodes...
2023-10-13 22:39:57.565 | INFO     | nps:start:115 - Turn ON file monitor scripts on nodes...
2023-10-13 22:39:57.565 | INFO     | nps:start:118 - Execute start up scripts on nodes...
2023-10-13 22:39:57.565 | INFO     | nps:start:125 - Configure host-processes eth interfaces.
2023-10-13 22:39:57.565 | INFO     | nps:start:129 - Setting up cluster for 0.001973867416381836 sec.
2023-10-13 22:40:41.581 | INFO     | nps:__init__:35 - NPS INIT
2023-10-13 22:40:41.581 | INFO     | nps:start:38 - Start...
2023-10-13 22:40:41.582 | INFO     | nps:start:41 - Take cluster nodes...
2023-10-13 22:40:41.582 | INFO     | nps:start:50 - Init graph...
2023-10-13 22:40:41.582 | INFO     | nps:start:60 - Create networkx.Graph...
2023-10-13 22:40:41.582 | INFO     | nps:start:63 - Define leaves nodes...
2023-10-13 22:40:41.582 | INFO     | nps:start:69 - Split network graph to clusters...
2023-10-13 22:40:41.583 | INFO     | nps:start:74 - Write info about graph groups...
2023-10-13 22:40:41.583 | INFO     | nps:start:81 - Generate start up scripts for Mininet nodes...
2023-10-13 22:40:41.583 | INFO     | nps:start:86 - Write info about hosts...
2023-10-13 22:40:41.583 | INFO     | nps:start:89 - Open SSH to all nodes in cluster...
2023-10-13 22:40:41.583 | INFO     | nps:start:92 - Send scripts to nodes...
2023-10-13 22:40:41.583 | INFO     | nps:start:115 -                                                             Turn ON file monitor scripts on nodes...
2023-10-13 22:40:41.583 | INFO     | nps:start:118 - Execute start up scripts on nodes...
2023-10-13 22:40:41.583 | INFO     | nps:start:125 - Configure host-processes eth interfaces.
2023-10-13 22:40:41.583 | INFO     | nps:start:129 - Setting up cluster for 0.00200653076171875 sec.
2023-10-13 22:42:09.507 | INFO     | nps:__init__:35 - NPS INIT
2023-10-13 22:42:09.507 | INFO     | nps:start:38 - Start...
2023-10-13 22:42:09.508 | INFO     | nps:start:41 - Take cluster nodes...
2023-10-13 22:42:09.508 | INFO     | nps:start:50 - Init graph...
2023-10-13 22:42:09.508 | INFO     | nps:start:60 - Create networkx.Graph...
2023-10-13 22:42:09.508 | INFO     | nps:start:63 - Define leaves nodes...
2023-10-13 22:42:09.508 | INFO     | nps:start:69 - Split network graph to clusters...
2023-10-13 22:42:09.508 | INFO     | nps:start:74 - Write info about graph groups...
2023-10-13 22:42:09.509 | INFO     | nps:start:81 - Generate start up scripts for Mininet nodes...
2023-10-13 22:42:09.509 | INFO     | nps:start:86 - Write info about hosts...
2023-10-13 22:42:09.509 | INFO     | nps:start:89 - Open SSH to all nodes in cluster...
2023-10-13 22:42:09.509 | INFO     | nps:start:92 - Send scripts to nodes...
2023-10-13 22:42:09.509 | INFO     | nps:start:115 - Turn ON file monitor scripts on nodes...
2023-10-13 22:42:09.509 | INFO     | nps:start:118 - Execute start up scripts on nodes...
2023-10-13 22:42:09.509 | INFO     | nps:start:126 - Configure host-processes eth interfaces.
2023-10-13 22:42:09.509 | INFO     | nps:start:128 - Setting up cluster for 0.002038240432739258 sec.
2023-10-14 13:31:20.675 | INFO     | nps:__init__:36 - NPS INIT
2023-10-14 13:31:20.676 | INFO     | nps:start:39 - Start...
2023-10-14 13:31:20.676 | INFO     | nps:start:42 - Take cluster nodes...
2023-10-14 13:31:20.676 | INFO     | nps:start:51 - Init graph...
2023-10-14 13:31:20.676 | INFO     | nps:start:61 - Create networkx.Graph...
2023-10-14 13:31:20.676 | INFO     | nps:start:64 - Define leaves nodes...
2023-10-14 13:31:20.677 | INFO     | nps:start:70 - Split network graph to clusters...
2023-10-14 13:31:20.677 | INFO     | nps:start:75 - Write info about graph groups...
2023-10-14 13:31:20.677 | INFO     | nps:start:82 - Generate start up scripts for Mininet nodes...
2023-10-14 13:31:20.677 | INFO     | nps:start:87 - Write info about hosts...
2023-10-14 13:31:20.677 | INFO     | nps:start:90 - Open SSH to all nodes in cluster...
2023-10-14 13:31:20.677 | INFO     | nps:start:93 - Send scripts to nodes...
2023-10-14 13:31:20.678 | INFO     | nps:start:116 - Turn ON file monitor scripts on nodes...
2023-10-14 13:31:20.678 | INFO     | nps:start:119 - Execute start up scripts on nodes...
2023-10-14 13:31:20.678 | INFO     | nps:start:127 - Configure host-processes eth interfaces.
2023-10-14 13:31:20.678 | INFO     | nps:start:129 - Setting up cluster for 0.0025560855865478516 sec.
2023-10-14 13:31:27.762 | INFO     | nps:start:145 - Turn OFF CLI interface...
2023-10-14 13:31:27.762 | INFO     | nps:start:155 - Shutdown all cluster nodes. Sending exit to Mininet on nodes...
2023-10-14 13:31:27.762 | INFO     | nps:start:164 - Deleting OVS bridges from cluster nodes...
2023-10-14 13:31:27.762 | INFO     | nps:start:174 - Close SSH session to all nodes in cluster...
2023-10-14 13:31:27.763 | INFO     | nps:start:175 - Finish simulating...
2023-10-14 13:51:10.306 | INFO     | nps:__init__:36 - NPS INIT
2023-10-14 13:51:10.306 | INFO     | nps:start:39 - Start...
2023-10-14 13:51:10.306 | INFO     | nps:start:42 - Take cluster nodes...
2023-10-14 13:51:10.307 | INFO     | nps:start:51 - Init graph...
2023-10-14 13:51:10.307 | INFO     | nps:start:61 - Create networkx.Graph...
2023-10-14 13:51:10.307 | INFO     | nps:start:64 - Define leaves nodes...
2023-10-14 13:51:10.307 | INFO     | nps:start:70 - Split network graph to clusters...
2023-10-14 13:51:10.307 | INFO     | nps:start:75 - Write info about graph groups...
2023-10-14 13:51:10.307 | INFO     | nps:start:82 - Generate start up scripts for Mininet nodes...
2023-10-14 13:51:10.308 | INFO     | nps:start:87 - Write info about hosts...
2023-10-14 13:51:10.308 | INFO     | nps:start:90 - Open SSH to all nodes in cluster...
2023-10-14 13:51:10.308 | INFO     | nps:start:93 - Send scripts to nodes...
2023-10-14 13:51:10.308 | INFO     | nps:start:116 - Turn ON file monitor scripts on nodes...
2023-10-14 13:51:10.308 | INFO     | nps:start:119 - Execute start up scripts on nodes...
2023-10-14 13:51:10.308 | INFO     | nps:start:127 - Configure host-processes eth interfaces.
2023-10-14 13:51:10.308 | INFO     | nps:start:129 - Setting up cluster for 0.0020656585693359375 sec.
2023-10-14 13:51:12.723 | INFO     | nps:start:145 - Turn OFF CLI interface...
2023-10-14 13:51:12.723 | INFO     | nps:start:155 - Shutdown all cluster nodes. Sending exit to Mininet on nodes...
2023-10-14 13:51:12.723 | INFO     | nps:start:164 - Deleting OVS bridges from cluster nodes...
2023-10-14 13:51:12.723 | INFO     | nps:start:174 - Close SSH session to all nodes in cluster...
2023-10-14 13:51:12.723 | INFO     | nps:start:175 - Finish simulating...
2023-10-14 14:05:29.970 | INFO     | nps:__init__:36 - NPS INIT
2023-10-14 14:05:29.970 | INFO     | nps:start:39 - Start...
2023-10-14 14:05:29.970 | INFO     | nps:start:42 - Take cluster nodes...
2023-10-14 14:05:29.970 | INFO     | nps:start:51 - Init graph...
2023-10-14 14:05:29.970 | INFO     | nps:start:61 - Create networkx.Graph...
2023-10-14 14:05:29.971 | INFO     | nps:start:64 - Define leaves nodes...
2023-10-14 14:05:29.971 | INFO     | nps:start:70 - Split network graph to clusters...
2023-10-14 14:05:29.971 | INFO     | nps:start:75 - Write info about graph groups...
2023-10-14 14:05:29.971 | INFO     | nps:start:82 - Generate start up scripts for Mininet nodes...
2023-10-14 14:05:29.971 | INFO     | nps:start:87 - Write info about hosts...
2023-10-14 14:05:29.971 | INFO     | nps:start:90 - Open SSH to all nodes in cluster...
2023-10-14 14:05:29.972 | INFO     | nps:start:93 - Send scripts to nodes...
2023-10-14 14:05:29.972 | INFO     | nps:start:116 - Turn ON file monitor scripts on nodes...
2023-10-14 14:05:29.972 | INFO     | nps:start:119 - Execute start up scripts on nodes...
2023-10-14 14:05:29.972 | INFO     | nps:start:127 - Configure host-processes eth interfaces.
2023-10-14 14:05:29.972 | INFO     | nps:start:129 - Setting up cluster for 0.0020711421966552734 sec.
2023-10-14 14:06:00.936 | INFO     | nps:start:145 - Turn OFF CLI interface...
2023-10-14 14:06:00.936 | INFO     | nps:start:155 - Shutdown all cluster nodes. Sending exit to Mininet on nodes...
2023-10-14 14:06:00.936 | INFO     | nps:start:164 - Deleting OVS bridges from cluster nodes...
2023-10-14 14:06:00.936 | INFO     | nps:start:174 - Close SSH session to all nodes in cluster...
2023-10-14 14:06:00.936 | INFO     | nps:start:175 - Finish simulating...
2023-10-21 19:03:08.943 | INFO     | nps:__init__:36 - NPS INIT
2023-10-21 19:03:08.943 | INFO     | nps:start:39 - Start...
2023-10-21 19:03:08.943 | INFO     | nps:start:43 - Take cluster nodes...
2023-10-21 19:03:08.943 | INFO     | nps:start:52 - Init graph...
2023-10-21 19:03:08.943 | INFO     | nps:start:62 - Create networkx.Graph...
2023-10-21 19:03:08.944 | INFO     | nps:start:65 - Define leaves nodes...
2023-10-21 19:03:08.945 | INFO     | nps:start:71 - Split network graph to clusters...
2023-10-21 19:03:08.945 | INFO     | nps:start:76 - Write info about graph groups...
2023-10-21 19:03:08.945 | INFO     | nps:start:83 - Generate start up scripts for Mininet nodes...
2023-10-21 19:03:08.945 | INFO     | nps:start:88 - Write info about hosts...
2023-10-21 19:03:18.052 | INFO     | nps:__init__:36 - NPS INIT
2023-10-21 19:03:18.052 | INFO     | nps:start:39 - Start...
2023-10-21 19:03:18.052 | INFO     | nps:start:43 - Take cluster nodes...
2023-10-21 19:03:18.052 | INFO     | nps:start:52 - Init graph...
2023-10-21 19:03:18.053 | INFO     | nps:start:62 - Create networkx.Graph...
2023-10-21 19:03:18.053 | INFO     | nps:start:65 - Define leaves nodes...
2023-10-21 19:03:18.053 | INFO     | nps:start:71 - Split network graph to clusters...
2023-10-21 19:03:18.053 | INFO     | nps:start:76 - Write info about graph groups...
2023-10-21 19:03:18.054 | INFO     | nps:start:83 - Generate start up scripts for Mininet nodes...
2023-10-21 19:03:18.054 | INFO     | nps:start:88 - Write info about hosts...
2023-10-21 19:05:44.079 | INFO     | nps:__init__:36 - NPS INIT
2023-10-21 19:05:44.079 | INFO     | nps:start:39 - Start...
2023-10-24 11:18:11.869 | INFO     | nps:__init__:36 - NPS INIT
2023-10-24 11:18:11.869 | INFO     | nps:start:39 - Start...
2023-10-24 11:18:11.870 | INFO     | nps:start:43 - Take cluster nodes...
2023-10-24 11:18:11.870 | INFO     | nps:start:52 - Init graph...
2023-10-24 11:18:11.870 | INFO     | nps:start:62 - Create networkx.Graph...
2023-10-24 11:18:11.870 | INFO     | nps:start:65 - Define leaves nodes...
2023-10-24 11:18:11.871 | INFO     | nps:start:71 - Split network graph to clusters...
2023-10-24 11:18:11.871 | INFO     | nps:start:76 - Write info about graph groups...
2023-10-24 11:18:11.871 | INFO     | nps:start:83 - Generate start up scripts for Mininet nodes...
2023-10-24 11:18:11.872 | INFO     | nps:start:88 - Write info about hosts...
2023-10-24 11:19:03.021 | INFO     | nps:__init__:36 - NPS INIT
2023-10-24 11:19:03.021 | INFO     | nps:start:39 - Start...
2023-10-24 11:19:03.022 | INFO     | nps:start:43 - Take cluster nodes...
2023-10-24 11:19:03.022 | INFO     | nps:start:52 - Init graph...
2023-10-24 11:19:03.022 | INFO     | nps:start:62 - Create networkx.Graph...
2023-10-24 11:19:03.022 | INFO     | nps:start:65 - Define leaves nodes...
2023-10-24 11:19:03.022 | INFO     | nps:start:71 - Split network graph to clusters...
2023-10-24 11:19:03.023 | INFO     | nps:start:76 - Write info about graph groups...
2023-10-24 11:19:03.023 | INFO     | nps:start:83 - Generate start up scripts for Mininet nodes...
2023-10-24 11:19:03.023 | INFO     | nps:start:88 - Write info about hosts...
2023-10-24 11:20:17.569 | INFO     | nps:__init__:36 - NPS INIT
2023-10-24 11:20:17.569 | INFO     | nps:start:39 - Start...
2023-10-24 11:20:17.569 | INFO     | nps:start:43 - Take cluster nodes...
2023-10-24 11:20:17.570 | INFO     | nps:start:52 - Init graph...
2023-10-24 11:20:17.570 | INFO     | nps:start:62 - Create networkx.Graph...
2023-10-24 11:20:17.570 | INFO     | nps:start:65 - Define leaves nodes...
2023-10-24 11:20:17.570 | INFO     | nps:start:71 - Split network graph to clusters...
2023-10-24 11:20:17.570 | INFO     | nps:start:76 - Write info about graph groups...
2023-10-24 11:20:17.571 | INFO     | nps:start:83 - Generate start up scripts for Mininet nodes...
2023-10-24 11:20:17.571 | INFO     | nps:start:88 - Write info about hosts...
2023-10-24 18:31:56.397 | INFO     | nps:__init__:36 - NPS INIT
2023-10-24 18:31:56.397 | INFO     | nps:start:39 - Start...
2023-10-24 18:31:56.397 | INFO     | nps:start:43 - Take cluster nodes...
2023-10-24 18:31:56.397 | INFO     | nps:start:52 - Init graph...
2023-10-24 18:31:56.397 | INFO     | nps:start:62 - Create networkx.Graph...
2023-10-24 18:31:56.398 | INFO     | nps:start:65 - Define leaves nodes...
2023-10-24 18:31:56.398 | INFO     | nps:start:71 - Split network graph to clusters...
2023-10-24 18:31:56.398 | INFO     | nps:start:76 - Write info about graph groups...
2023-10-24 18:31:56.399 | INFO     | nps:start:83 - Generate start up scripts for Mininet nodes...
2023-10-24 18:31:56.399 | INFO     | nps:start:88 - Write info about hosts...
2023-10-24 18:32:42.241 | INFO     | nps:__init__:36 - NPS INIT
2023-10-24 18:32:42.241 | INFO     | nps:start:39 - Start...
2023-10-24 18:32:42.241 | INFO     | nps:start:43 - Take cluster nodes...
2023-10-24 18:32:42.242 | INFO     | nps:start:52 - Init graph...
2023-10-24 18:32:42.242 | INFO     | nps:start:62 - Create networkx.Graph...
2023-10-24 18:32:42.242 | INFO     | nps:start:65 - Define leaves nodes...
2023-10-24 18:32:42.242 | INFO     | nps:start:71 - Split network graph to clusters...
2023-10-24 18:32:42.243 | INFO     | nps:start:76 - Write info about graph groups...
2023-10-24 18:32:42.243 | INFO     | nps:start:83 - Generate start up scripts for Mininet nodes...
2023-10-24 18:32:42.243 | INFO     | nps:start:88 - Write info about hosts...
2023-10-24 18:33:21.961 | INFO     | nps:__init__:36 - NPS INIT
2023-10-24 18:33:21.961 | INFO     | nps:start:39 - Start...
2023-10-24 18:33:21.961 | INFO     | nps:start:43 - Take cluster nodes...
2023-10-24 18:33:21.962 | INFO     | nps:start:52 - Init graph...
2023-10-24 18:33:21.962 | INFO     | nps:start:62 - Create networkx.Graph...
2023-10-24 18:33:21.962 | INFO     | nps:start:65 - Define leaves nodes...
2023-10-24 18:33:21.962 | INFO     | nps:start:71 - Split network graph to clusters...
2023-10-24 18:33:21.963 | INFO     | nps:start:76 - Write info about graph groups...
2023-10-24 18:33:21.963 | INFO     | nps:start:83 - Generate start up scripts for Mininet nodes...
2023-10-24 18:33:21.963 | INFO     | nps:start:88 - Write info about hosts...
2023-10-24 18:35:00.067 | INFO     | nps:__init__:36 - NPS INIT
2023-10-24 18:35:00.067 | INFO     | nps:start:39 - Start...
2023-10-24 18:35:00.067 | INFO     | nps:start:43 - Take cluster nodes...
2023-10-24 18:35:00.068 | INFO     | nps:start:52 - Init graph...
2023-10-24 18:35:00.068 | INFO     | nps:start:62 - Create networkx.Graph...
2023-10-24 18:35:00.068 | INFO     | nps:start:65 - Define leaves nodes...
2023-10-24 18:35:00.068 | INFO     | nps:start:71 - Split network graph to clusters...
2023-10-24 18:35:00.068 | INFO     | nps:start:76 - Write info about graph groups...
2023-10-24 18:35:00.069 | INFO     | nps:start:83 - Generate start up scripts for Mininet nodes...
2023-10-24 18:35:00.069 | INFO     | nps:start:88 - Write info about hosts...
2023-10-24 18:35:52.735 | INFO     | nps:__init__:36 - NPS INIT
2023-10-24 18:35:52.735 | INFO     | nps:start:39 - Start...
2023-10-24 18:35:52.735 | INFO     | nps:start:43 - Take cluster nodes...
2023-10-24 18:35:52.735 | INFO     | nps:start:52 - Init graph...
2023-10-24 18:35:52.735 | INFO     | nps:start:62 - Create networkx.Graph...
2023-10-24 18:35:52.735 | INFO     | nps:start:65 - Define leaves nodes...
2023-10-24 18:35:52.736 | INFO     | nps:start:71 - Split network graph to clusters...
2023-10-24 18:35:52.736 | INFO     | nps:start:76 - Write info about graph groups...
2023-10-24 18:35:52.736 | INFO     | nps:start:83 - Generate start up scripts for Mininet nodes...
2023-10-24 18:35:52.737 | INFO     | nps:start:88 - Write info about hosts...
2023-10-30 21:57:34.269 | INFO     | nps:__init__:36 - NPS INIT
2023-10-30 21:57:34.270 | INFO     | nps:start:39 - Start...
2023-10-30 21:57:34.270 | INFO     | nps:start:43 - Take cluster nodes...
2023-10-30 21:57:34.270 | INFO     | nps:start:52 - Init graph...
2023-10-30 21:57:34.271 | INFO     | nps:start:62 - Create networkx.Graph...
2023-10-30 21:57:34.271 | INFO     | nps:start:65 - Define leaves nodes...
2023-10-30 21:57:34.271 | INFO     | nps:start:71 - Split network graph to clusters...
2023-10-30 21:57:34.271 | INFO     | nps:start:76 - Write info about graph groups...
2023-10-30 21:57:34.271 | INFO     | nps:start:83 - Generate start up scripts for Mininet nodes...
2023-10-30 21:57:34.271 | INFO     | nps:start:88 - Write info about hosts...
2023-10-30 22:33:43.544 | INFO     | nps:__init__:36 - NPS INIT
2023-10-30 22:33:43.545 | INFO     | nps:start:39 - Start...
2023-10-30 22:33:43.545 | INFO     | nps:start:43 - Take cluster nodes...
2023-10-30 22:33:43.545 | INFO     | nps:start:52 - Init graph...
2023-10-30 22:33:43.745 | INFO     | nps:start:62 - Create networkx.Graph...
2023-10-30 22:33:43.745 | INFO     | nps:start:65 - Define leaves nodes...
2023-10-30 22:33:43.746 | INFO     | nps:start:71 - Split network graph to clusters...
2023-10-30 22:33:43.746 | INFO     | nps:start:76 - Write info about graph groups...
2023-10-30 22:36:02.851 | INFO     | nps:__init__:36 - NPS INIT
2023-10-30 22:36:02.851 | INFO     | nps:start:39 - Start...
2023-10-30 22:36:02.851 | INFO     | nps:start:43 - Take cluster nodes...
2023-10-30 22:36:02.851 | INFO     | nps:start:52 - Init graph...
2023-10-30 22:36:03.036 | INFO     | nps:start:62 - Create networkx.Graph...
2023-10-30 22:36:03.037 | INFO     | nps:start:65 - Define leaves nodes...
2023-10-30 22:36:03.037 | INFO     | nps:start:71 - Split network graph to clusters...
2023-10-30 22:36:03.038 | INFO     | nps:start:76 - Write info about graph groups...
2023-10-30 22:37:17.838 | INFO     | nps:__init__:36 - NPS INIT
2023-10-30 22:37:17.838 | INFO     | nps:start:39 - Start...
2023-10-30 22:37:17.838 | INFO     | nps:start:43 - Take cluster nodes...
2023-10-30 22:37:17.838 | INFO     | nps:start:52 - Init graph...
2023-10-30 22:37:18.033 | INFO     | nps:start:62 - Create networkx.Graph...
2023-10-30 22:37:18.033 | INFO     | nps:start:65 - Define leaves nodes...
2023-10-30 22:37:18.034 | INFO     | nps:start:71 - Split network graph to clusters...
2023-10-30 22:37:18.034 | INFO     | nps:start:76 - Write info about graph groups...
2023-10-30 22:38:19.806 | INFO     | nps:__init__:36 - NPS INIT
2023-10-30 22:38:19.806 | INFO     | nps:start:39 - Start...
2023-10-30 22:38:19.806 | INFO     | nps:start:43 - Take cluster nodes...
2023-10-30 22:38:19.807 | INFO     | nps:start:52 - Init graph...
2023-10-30 22:38:19.985 | INFO     | nps:start:62 - Create networkx.Graph...
2023-10-30 22:38:19.986 | INFO     | nps:start:65 - Define leaves nodes...
2023-10-30 22:38:19.986 | INFO     | nps:start:71 - Split network graph to clusters...
2023-10-30 22:38:19.986 | INFO     | nps:start:76 - Write info about graph groups...
2023-10-30 22:38:19.987 | INFO     | nps:start:83 - Generate start up scripts for Mininet nodes...
2023-10-30 22:38:19.987 | INFO     | nps:start:88 - Write info about hosts...
2023-10-30 22:39:24.918 | INFO     | nps:__init__:36 - NPS INIT
2023-10-30 22:39:24.918 | INFO     | nps:start:39 - Start...
2023-10-30 22:39:24.919 | INFO     | nps:start:43 - Take cluster nodes...
2023-10-30 22:39:24.919 | INFO     | nps:start:52 - Init graph...
2023-10-30 22:39:25.102 | INFO     | nps:start:62 - Create networkx.Graph...
2023-10-30 22:39:25.102 | INFO     | nps:start:65 - Define leaves nodes...
2023-10-30 22:39:25.102 | INFO     | nps:start:71 - Split network graph to clusters...
2023-10-30 22:39:25.103 | INFO     | nps:start:76 - Write info about graph groups...
2023-10-30 22:39:25.103 | INFO     | nps:start:83 - Generate start up scripts for Mininet nodes...
2023-10-30 22:39:25.103 | INFO     | nps:start:88 - Write info about hosts...
2023-10-30 22:46:20.235 | INFO     | nps:__init__:36 - NPS INIT
2023-10-30 22:46:20.235 | INFO     | nps:start:39 - Start...
2023-10-30 22:46:20.235 | INFO     | nps:start:43 - Take cluster nodes...
2023-10-30 22:46:20.235 | INFO     | nps:start:52 - Init graph...
2023-10-30 22:46:20.431 | INFO     | nps:start:62 - Create networkx.Graph...
2023-10-30 22:46:20.431 | INFO     | nps:start:65 - Define leaves nodes...
2023-10-30 22:46:20.432 | INFO     | nps:start:71 - Split network graph to clusters...
2023-10-30 22:46:20.432 | INFO     | nps:start:76 - Write info about graph groups...
2023-10-30 22:46:20.432 | INFO     | nps:start:83 - Generate start up scripts for Mininet nodes...
2023-10-30 22:46:20.433 | INFO     | nps:start:88 - Write info about hosts...
2023-10-30 22:50:09.915 | INFO     | nps:__init__:36 - NPS INIT
2023-10-30 22:50:09.915 | INFO     | nps:start:39 - Start...
2023-10-30 22:50:09.915 | INFO     | nps:start:43 - Take cluster nodes...
2023-10-30 22:50:09.915 | INFO     | nps:start:52 - Init graph...
2023-10-30 22:50:10.119 | INFO     | nps:start:62 - Create networkx.Graph...
2023-10-30 22:50:10.119 | INFO     | nps:start:65 - Define leaves nodes...
2023-10-30 22:50:10.119 | INFO     | nps:start:71 - Split network graph to clusters...
2023-10-30 22:50:10.120 | INFO     | nps:start:76 - Write info about graph groups...
2023-10-30 22:50:10.120 | INFO     | nps:start:83 - Generate start up scripts for Mininet nodes...
2023-10-30 22:50:10.120 | INFO     | nps:start:88 - Write info about hosts...
2023-10-30 22:50:48.884 | INFO     | nps:__init__:36 - NPS INIT
2023-10-30 22:50:48.884 | INFO     | nps:start:39 - Start...
2023-10-30 22:50:48.885 | INFO     | nps:start:43 - Take cluster nodes...
2023-10-30 22:50:48.885 | INFO     | nps:start:52 - Init graph...
2023-10-30 22:50:49.065 | INFO     | nps:start:62 - Create networkx.Graph...
2023-10-30 22:50:49.065 | INFO     | nps:start:65 - Define leaves nodes...
2023-10-30 22:50:49.065 | INFO     | nps:start:71 - Split network graph to clusters...
2023-10-30 22:50:49.066 | INFO     | nps:start:76 - Write info about graph groups...
2023-10-30 22:50:49.066 | INFO     | nps:start:83 - Generate start up scripts for Mininet nodes...
2023-10-30 22:50:49.066 | INFO     | nps:start:88 - Write info about hosts...
2023-10-30 22:51:45.858 | INFO     | nps:__init__:36 - NPS INIT
2023-10-30 22:51:45.858 | INFO     | nps:start:39 - Start...
2023-10-30 22:51:45.858 | INFO     | nps:start:43 - Take cluster nodes...
2023-10-30 22:51:45.859 | INFO     | nps:start:52 - Init graph...
2023-10-30 22:51:46.034 | INFO     | nps:start:62 - Create networkx.Graph...
2023-10-30 22:51:46.034 | INFO     | nps:start:65 - Define leaves nodes...
2023-10-30 22:51:46.034 | INFO     | nps:start:71 - Split network graph to clusters...
2023-10-30 22:51:46.035 | INFO     | nps:start:76 - Write info about graph groups...
2023-10-30 22:51:46.035 | INFO     | nps:start:83 - Generate start up scripts for Mininet nodes...
2023-10-30 22:51:46.035 | INFO     | nps:start:88 - Write info about hosts...
2023-10-30 22:52:07.050 | INFO     | nps:__init__:36 - NPS INIT
2023-10-30 22:52:07.050 | INFO     | nps:start:39 - Start...
2023-10-30 22:52:07.050 | INFO     | nps:start:43 - Take cluster nodes...
2023-10-30 22:52:07.050 | INFO     | nps:start:52 - Init graph...
2023-10-30 22:52:07.245 | INFO     | nps:start:62 - Create networkx.Graph...
2023-10-30 22:52:07.245 | INFO     | nps:start:65 - Define leaves nodes...
2023-10-30 22:52:07.245 | INFO     | nps:start:71 - Split network graph to clusters...
2023-10-30 22:52:07.246 | INFO     | nps:start:76 - Write info about graph groups...
2023-10-30 22:52:07.246 | INFO     | nps:start:83 - Generate start up scripts for Mininet nodes...
2023-10-30 22:52:07.246 | INFO     | nps:start:88 - Write info about hosts...
2023-10-30 22:54:18.056 | INFO     | nps:start:91 - Open SSH to all nodes in cluster...
2023-10-30 22:54:18.057 | INFO     | nps:start:94 - Send scripts to nodes...
2023-10-30 22:54:18.058 | INFO     | nps:start:120 - Execute start up scripts on nodes...
2023-10-30 22:54:18.060 | INFO     | nps:start:128 - Configure host-processes eth interfaces.
2023-10-30 22:54:18.060 | INFO     | nps:start:130 - Setting up cluster for 131.01000952720642 sec.
2023-10-30 22:59:21.375 | INFO     | nps:__init__:36 - NPS INIT
2023-10-30 22:59:21.376 | INFO     | nps:start:39 - Start...
2023-10-30 22:59:21.376 | INFO     | nps:start:43 - Take cluster nodes...
2023-10-30 22:59:21.376 | INFO     | nps:start:52 - Init graph...
2023-10-30 22:59:21.570 | INFO     | nps:start:62 - Create networkx.Graph...
2023-10-30 22:59:21.570 | INFO     | nps:start:65 - Define leaves nodes...
2023-10-30 22:59:21.570 | INFO     | nps:start:71 - Split network graph to clusters...
2023-10-30 22:59:21.571 | INFO     | nps:start:76 - Write info about graph groups...
2023-10-30 22:59:21.571 | INFO     | nps:start:83 - Generate start up scripts for Mininet nodes...
2023-10-30 22:59:21.571 | INFO     | nps:start:88 - Write info about hosts...
2023-10-30 23:01:18.776 | INFO     | nps:__init__:36 - NPS INIT
2023-10-30 23:01:18.776 | INFO     | nps:start:39 - Start...
2023-10-30 23:01:18.776 | INFO     | nps:start:43 - Take cluster nodes...
2023-10-30 23:01:18.776 | INFO     | nps:start:52 - Init graph...
2023-10-30 23:01:18.965 | INFO     | nps:start:62 - Create networkx.Graph...
2023-10-30 23:01:18.965 | INFO     | nps:start:65 - Define leaves nodes...
2023-10-30 23:01:18.966 | INFO     | nps:start:71 - Split network graph to clusters...
2023-10-30 23:01:18.966 | INFO     | nps:start:76 - Write info about graph groups...
2023-10-30 23:01:18.966 | INFO     | nps:start:83 - Generate start up scripts for Mininet nodes...
2023-10-30 23:01:18.967 | INFO     | nps:start:88 - Write info about hosts...
2023-10-30 23:02:24.585 | INFO     | nps:__init__:36 - NPS INIT
2023-10-30 23:02:24.585 | INFO     | nps:start:39 - Start...
2023-10-30 23:02:24.585 | INFO     | nps:start:43 - Take cluster nodes...
2023-10-30 23:02:24.586 | INFO     | nps:start:52 - Init graph...
2023-10-30 23:02:24.750 | INFO     | nps:start:62 - Create networkx.Graph...
2023-10-30 23:02:24.750 | INFO     | nps:start:65 - Define leaves nodes...
2023-10-30 23:02:24.751 | INFO     | nps:start:71 - Split network graph to clusters...
2023-10-30 23:02:24.751 | INFO     | nps:start:76 - Write info about graph groups...
2023-10-30 23:02:24.751 | INFO     | nps:start:83 - Generate start up scripts for Mininet nodes...
2023-10-30 23:02:24.751 | INFO     | nps:start:88 - Write info about hosts...
2023-10-30 23:03:06.118 | INFO     | nps:__init__:36 - NPS INIT
2023-10-30 23:03:06.119 | INFO     | nps:start:39 - Start...
2023-10-30 23:03:06.119 | INFO     | nps:start:43 - Take cluster nodes...
2023-10-30 23:03:06.119 | INFO     | nps:start:52 - Init graph...
2023-10-30 23:03:06.320 | INFO     | nps:start:62 - Create networkx.Graph...
2023-10-30 23:03:06.320 | INFO     | nps:start:65 - Define leaves nodes...
2023-10-30 23:03:06.321 | INFO     | nps:start:71 - Split network graph to clusters...
2023-10-30 23:03:06.321 | INFO     | nps:start:76 - Write info about graph groups...
2023-10-30 23:03:06.321 | INFO     | nps:start:83 - Generate start up scripts for Mininet nodes...
2023-10-30 23:03:06.321 | INFO     | nps:start:88 - Write info about hosts...
2023-10-30 23:03:49.179 | INFO     | nps:__init__:36 - NPS INIT
2023-10-30 23:03:49.179 | INFO     | nps:start:39 - Start...
2023-10-30 23:03:49.179 | INFO     | nps:start:43 - Take cluster nodes...
2023-10-30 23:03:49.179 | INFO     | nps:start:52 - Init graph...
2023-10-30 23:03:49.359 | INFO     | nps:start:62 - Create networkx.Graph...
2023-10-30 23:03:49.359 | INFO     | nps:start:65 - Define leaves nodes...
2023-10-30 23:03:49.360 | INFO     | nps:start:71 - Split network graph to clusters...
2023-10-30 23:03:49.360 | INFO     | nps:start:76 - Write info about graph groups...
2023-10-30 23:03:49.360 | INFO     | nps:start:83 - Generate start up scripts for Mininet nodes...
2023-10-30 23:03:49.361 | INFO     | nps:start:88 - Write info about hosts...
2023-10-30 23:04:25.763 | INFO     | nps:__init__:36 - NPS INIT
2023-10-30 23:04:25.763 | INFO     | nps:start:39 - Start...
2023-10-30 23:04:25.763 | INFO     | nps:start:43 - Take cluster nodes...
2023-10-30 23:04:25.763 | INFO     | nps:start:52 - Init graph...
2023-10-30 23:04:25.958 | INFO     | nps:start:62 - Create networkx.Graph...
2023-10-30 23:04:25.958 | INFO     | nps:start:65 - Define leaves nodes...
2023-10-30 23:04:25.958 | INFO     | nps:start:71 - Split network graph to clusters...
2023-10-30 23:04:25.959 | INFO     | nps:start:76 - Write info about graph groups...
2023-10-30 23:04:25.959 | INFO     | nps:start:83 - Generate start up scripts for Mininet nodes...
2023-10-30 23:04:25.959 | INFO     | nps:start:88 - Write info about hosts...
2023-10-30 23:05:02.733 | INFO     | nps:__init__:36 - NPS INIT
2023-10-30 23:05:02.733 | INFO     | nps:start:39 - Start...
2023-10-30 23:05:02.733 | INFO     | nps:start:43 - Take cluster nodes...
2023-10-30 23:05:02.734 | INFO     | nps:start:52 - Init graph...
2023-10-30 23:05:02.925 | INFO     | nps:start:62 - Create networkx.Graph...
2023-10-30 23:05:02.925 | INFO     | nps:start:65 - Define leaves nodes...
2023-10-30 23:05:02.925 | INFO     | nps:start:71 - Split network graph to clusters...
2023-10-30 23:05:02.926 | INFO     | nps:start:76 - Write info about graph groups...
2023-10-30 23:05:02.926 | INFO     | nps:start:83 - Generate start up scripts for Mininet nodes...
2023-10-30 23:05:02.926 | INFO     | nps:start:88 - Write info about hosts...
2023-10-30 23:06:50.933 | INFO     | nps:__init__:36 - NPS INIT
2023-10-30 23:06:50.933 | INFO     | nps:start:39 - Start...
2023-10-30 23:06:50.933 | INFO     | nps:start:43 - Take cluster nodes...
2023-10-30 23:06:50.933 | INFO     | nps:start:52 - Init graph...
2023-10-30 23:06:51.114 | INFO     | nps:start:62 - Create networkx.Graph...
2023-10-30 23:06:51.114 | INFO     | nps:start:65 - Define leaves nodes...
2023-10-30 23:06:51.114 | INFO     | nps:start:71 - Split network graph to clusters...
2023-10-30 23:06:51.115 | INFO     | nps:start:76 - Write info about graph groups...
2023-10-30 23:06:51.115 | INFO     | nps:start:83 - Generate start up scripts for Mininet nodes...
2023-10-30 23:06:51.115 | INFO     | nps:start:88 - Write info about hosts...
2023-10-30 23:07:26.888 | INFO     | nps:__init__:36 - NPS INIT
2023-10-30 23:07:26.888 | INFO     | nps:start:39 - Start...
2023-10-30 23:07:26.888 | INFO     | nps:start:43 - Take cluster nodes...
2023-10-30 23:07:26.888 | INFO     | nps:start:52 - Init graph...
2023-10-30 23:07:27.066 | INFO     | nps:start:62 - Create networkx.Graph...
2023-10-30 23:07:27.067 | INFO     | nps:start:65 - Define leaves nodes...
2023-10-30 23:07:27.067 | INFO     | nps:start:71 - Split network graph to clusters...
2023-10-30 23:07:27.067 | INFO     | nps:start:76 - Write info about graph groups...
2023-10-30 23:07:27.068 | INFO     | nps:start:83 - Generate start up scripts for Mininet nodes...
2023-10-30 23:07:27.068 | INFO     | nps:start:88 - Write info about hosts...
2023-10-30 23:07:45.475 | INFO     | nps:__init__:36 - NPS INIT
2023-10-30 23:07:45.475 | INFO     | nps:start:39 - Start...
2023-10-30 23:07:45.475 | INFO     | nps:start:43 - Take cluster nodes...
2023-10-30 23:07:45.475 | INFO     | nps:start:52 - Init graph...
2023-10-30 23:07:45.674 | INFO     | nps:start:62 - Create networkx.Graph...
2023-10-30 23:07:45.674 | INFO     | nps:start:65 - Define leaves nodes...
2023-10-30 23:07:45.675 | INFO     | nps:start:71 - Split network graph to clusters...
2023-10-30 23:07:45.675 | INFO     | nps:start:76 - Write info about graph groups...
2023-10-30 23:07:45.675 | INFO     | nps:start:83 - Generate start up scripts for Mininet nodes...
2023-10-30 23:07:45.675 | INFO     | nps:start:88 - Write info about hosts...
